TN:
SF:script/Deploy.s.sol
FN:27,Deploy.run
FNDA:0,Deploy.run
DA:28,0
DA:29,0
DA:39,0
DA:41,0
DA:42,0
DA:43,0
DA:45,0
DA:46,0
BRDA:46,0,0,-
BRDA:46,0,1,-
DA:47,0
DA:50,0
BRDA:50,1,0,-
BRDA:50,1,1,-
DA:51,0
DA:60,0
BRDA:60,2,0,-
BRDA:60,2,1,-
DA:61,0
DA:62,0
DA:66,0
DA:69,0
BRDA:69,3,0,-
BRDA:69,3,1,-
DA:70,0
DA:76,0
FNF:1
FNH:0
LF:18
LH:0
BRF:8
BRH:0
end_of_record
TN:
SF:script/HelperConfig.s.sol
FN:38,HelperConfig.getMainnetConfig
FNDA:0,HelperConfig.getMainnetConfig
DA:39,0
FN:56,HelperConfig.getSepoliaConfig
FNDA:0,HelperConfig.getSepoliaConfig
DA:57,0
FN:74,HelperConfig.getOrCreateAnvilConfig
FNDA:0,HelperConfig.getOrCreateAnvilConfig
DA:75,0
BRDA:75,0,0,-
BRDA:75,0,1,-
DA:76,0
DA:80,0
DA:81,0
DA:82,0
DA:83,0
DA:84,0
DA:85,0
DA:86,0
DA:88,0
FNF:3
FNH:0
LF:12
LH:0
BRF:2
BRH:0
end_of_record
TN:
SF:src/AutomationLayer.sol
FN:53,AutomationLayer.__validateAccountNumber
FNDA:15,AutomationLayer.__validateAccountNumber
DA:54,15
BRDA:54,0,0,3
BRDA:54,0,1,12
DA:55,3
FN:60,AutomationLayer.__onlyOracle
FNDA:3,AutomationLayer.__onlyOracle
DA:61,3
BRDA:61,1,0,1
BRDA:61,1,1,2
DA:62,1
FN:67,AutomationLayer.__hasSufficientTokens
FNDA:9,AutomationLayer.__hasSufficientTokens
DA:68,9
BRDA:68,2,0,2
BRDA:68,2,1,7
DA:69,2
FN:74,AutomationLayer.__isCurrentNode
FNDA:7,AutomationLayer.__isCurrentNode
DA:76,7
BRDA:75,3,0,2
BRDA:75,3,1,5
DA:79,2
FN:116,AutomationLayer.createAccount
FNDA:110,AutomationLayer.createAccount
DA:121,110
DA:122,110
DA:123,109
BRDA:123,4,0,1
BRDA:123,4,1,108
DA:124,1
DA:126,108
BRDA:126,5,0,2
BRDA:126,5,1,106
DA:127,2
DA:130,106
DA:132,106
DA:140,106
DA:143,106
DA:145,106
FN:152,AutomationLayer.cancelAccount
FNDA:14,AutomationLayer.cancelAccount
DA:155,14
DA:156,14
DA:158,13
DA:160,13
DA:163,11
BRDA:162,6,0,1
BRDA:162,6,1,10
DA:166,1
DA:169,10
DA:171,10
FN:183,AutomationLayer.simpleAutomation
FNDA:6,AutomationLayer.simpleAutomation
DA:186,6
DA:187,6
DA:188,5
DA:189,4
DA:191,3
DA:193,3
DA:194,3
DA:195,3
DA:197,3
FN:208,AutomationLayer.simpleAutomationBatch
FNDA:5,AutomationLayer.simpleAutomationBatch
DA:211,5
DA:212,5
DA:213,4
DA:214,3
DA:216,2
DA:217,2
DA:218,2
DA:219,8
DA:225,8
DA:230,2
DA:232,2
FN:239,AutomationLayer.withdraw
FNDA:3,AutomationLayer.withdraw
DA:240,3
DA:241,3
DA:242,2
DA:245,1
FN:252,AutomationLayer.setDuh
FNDA:5,AutomationLayer.setDuh
DA:253,5
DA:254,5
DA:255,4
DA:257,3
BRDA:257,7,0,1
BRDA:257,7,1,2
DA:258,1
DA:261,2
DA:263,2
FN:270,AutomationLayer.setMinimumDuh
FNDA:4,AutomationLayer.setMinimumDuh
DA:273,4
DA:274,4
DA:275,3
DA:277,2
DA:279,2
FN:286,AutomationLayer.setSequencerAddress
FNDA:7,AutomationLayer.setSequencerAddress
DA:289,7
DA:290,7
DA:291,6
DA:293,5
DA:295,5
FN:302,AutomationLayer.setOracleAddress
FNDA:5,AutomationLayer.setOracleAddress
DA:305,5
DA:306,5
DA:307,4
DA:309,3
DA:311,3
FN:318,AutomationLayer.setAutomationFee
FNDA:4,AutomationLayer.setAutomationFee
DA:321,4
DA:322,4
DA:323,3
DA:325,2
DA:327,2
FN:334,AutomationLayer.setAcceptingNewAccounts
FNDA:5,AutomationLayer.setAcceptingNewAccounts
DA:337,5
DA:338,5
DA:339,4
DA:341,3
DA:343,3
FN:355,AutomationLayer.__performSimpleAutomation
FNDA:10,AutomationLayer.__performSimpleAutomation
DA:359,10
DA:361,10
BRDA:361,8,0,-
BRDA:361,8,1,10
DA:362,10
DA:371,10
BRDA:371,9,0,-
BRDA:371,9,1,10
DA:372,0
DA:375,10
DA:377,0
BRDA:377,10,0,-
BRDA:377,10,1,-
DA:378,0
DA:380,0
FN:389,AutomationLayer.__transferDuhToken
FNDA:11,AutomationLayer.__transferDuhToken
DA:395,11
FN:401,AutomationLayer.__takeNextBlockNumbers
FNDA:5,AutomationLayer.__takeNextBlockNumbers
DA:402,5
BRDA:402,11,0,-
BRDA:402,11,1,-
DA:403,4
DA:404,4
DA:408,4
BRDA:408,12,0,-
BRDA:408,12,1,-
DA:409,0
FN:419,AutomationLayer.checkSimpleAutomation
FNDA:2,AutomationLayer.checkSimpleAutomation
DA:422,2
DA:424,2
DA:426,1
FN:433,AutomationLayer.getAccount
FNDA:4,AutomationLayer.getAccount
DA:436,4
FN:440,AutomationLayer.getNextAccountNumber
FNDA:16,AutomationLayer.getNextAccountNumber
DA:446,16
FN:450,AutomationLayer.getDuh
FNDA:49,AutomationLayer.getDuh
DA:456,49
FN:460,AutomationLayer.getMinimumDuh
FNDA:49,AutomationLayer.getMinimumDuh
DA:466,49
FN:470,AutomationLayer.getSequencerAddress
FNDA:4,AutomationLayer.getSequencerAddress
DA:476,4
FN:480,AutomationLayer.getAutomationFee
FNDA:4,AutomationLayer.getAutomationFee
DA:486,4
FN:490,AutomationLayer.getOracleAddress
FNDA:7,AutomationLayer.getOracleAddress
DA:496,7
FN:500,AutomationLayer.getAcceptingNewAccounts
FNDA:8,AutomationLayer.getAcceptingNewAccounts
DA:506,8
FN:517,AutomationLayer.__isValidAccount
FNDA:25,AutomationLayer.__isValidAccount
DA:518,25
FNF:28
FNH:28
LF:110
LH:105
BRF:26
BRH:18
end_of_record
TN:
SF:src/DollarCostAverage.sol
FN:61,DollarCostAverage.__haveEnoughAllowance
FNDA:20,DollarCostAverage.__haveEnoughAllowance
DA:66,20
BRDA:66,0,0,1
BRDA:66,0,1,19
DA:67,1
FN:75,DollarCostAverage.__validateIndexRange
FNDA:6,DollarCostAverage.__validateIndexRange
DA:80,6
BRDA:79,1,0,4
BRDA:79,1,1,2
DA:83,4
FN:124,DollarCostAverage.createRecurringBuy
FNDA:105,DollarCostAverage.createRecurringBuy
DA:132,105
DA:133,105
DA:135,104
BRDA:135,2,0,1
BRDA:135,2,1,103
DA:136,1
DA:138,103
BRDA:138,3,0,1
BRDA:138,3,1,102
DA:139,1
DA:141,102
BRDA:141,4,0,2
BRDA:141,4,1,100
DA:142,2
DA:144,100
BRDA:144,5,0,1
BRDA:144,5,1,99
DA:145,1
DA:148,99
DA:149,99
DA:155,99
DA:168,99
DA:170,99
DA:173,99
FN:180,DollarCostAverage.cancelRecurringPayment
FNDA:10,DollarCostAverage.cancelRecurringPayment
DA:183,10
DA:184,10
DA:186,9
DA:188,9
BRDA:188,6,0,1
BRDA:188,6,1,8
DA:189,1
DA:191,8
BRDA:191,7,0,1
BRDA:191,7,1,7
DA:192,1
DA:195,7
DA:196,7
DA:198,7
FN:206,DollarCostAverage.transferFunds
FNDA:12,DollarCostAverage.transferFunds
DA:209,23
DA:210,23
DA:212,22
DA:213,22
BRDA:213,8,0,2
BRDA:213,8,1,20
DA:214,2
DA:217,20
DA:219,19
DA:220,19
DA:221,19
DA:222,19
DA:224,19
BRDA:224,9,0,1
BRDA:224,9,1,19
DA:225,1
DA:234,19
DA:241,19
DA:243,19
DA:244,19
BRDA:244,10,0,-
BRDA:244,10,1,2
DA:245,2
DA:246,2
DA:247,2
DA:249,17
DA:250,17
DA:251,17
DA:252,17
DA:255,19
DA:256,19
DA:257,19
DA:260,19
DA:268,19
DA:276,19
FN:282,DollarCostAverage.simpleAutomation
FNDA:11,DollarCostAverage.simpleAutomation
DA:285,11
FN:291,DollarCostAverage.setAutomationLayer
FNDA:5,DollarCostAverage.setAutomationLayer
DA:294,5
DA:295,5
DA:296,4
DA:298,3
BRDA:298,11,0,1
BRDA:298,11,1,2
DA:299,1
DA:302,2
DA:304,2
FN:310,DollarCostAverage.setDefaultRouter
FNDA:5,DollarCostAverage.setDefaultRouter
DA:313,5
DA:314,5
DA:315,4
DA:317,3
BRDA:317,12,0,1
BRDA:317,12,1,2
DA:318,1
DA:321,2
DA:323,2
FN:329,DollarCostAverage.setAcceptingNewRecurringBuys
FNDA:5,DollarCostAverage.setAcceptingNewRecurringBuys
DA:332,5
DA:333,5
DA:334,4
DA:336,3
DA:338,3
FN:346,DollarCostAverage.getNextRecurringBuyId
FNDA:20,DollarCostAverage.getNextRecurringBuyId
DA:352,20
FN:356,DollarCostAverage.getDefaultRouter
FNDA:4,DollarCostAverage.getDefaultRouter
DA:362,4
FN:366,DollarCostAverage.getAutomationLayer
FNDA:4,DollarCostAverage.getAutomationLayer
DA:372,4
FN:376,DollarCostAverage.checkSimpleAutomation
FNDA:6,DollarCostAverage.checkSimpleAutomation
DA:379,6
FN:383,DollarCostAverage.getCurrentBlockTimestamp
FNDA:5,DollarCostAverage.getCurrentBlockTimestamp
DA:389,5
FN:393,DollarCostAverage.getRecurringBuy
FNDA:8,DollarCostAverage.getRecurringBuy
DA:396,8
FN:400,DollarCostAverage.getAcceptingNewRecurringBuys
FNDA:4,DollarCostAverage.getAcceptingNewRecurringBuys
DA:406,4
FN:410,DollarCostAverage.getWrapNative
FNDA:2,DollarCostAverage.getWrapNative
DA:416,2
FN:420,DollarCostAverage.getRangeOfRecurringBuys
FNDA:3,DollarCostAverage.getRangeOfRecurringBuys
DA:429,3
DA:431,1
DA:433,1
DA:437,1
DA:438,3
DA:441,1
FN:445,DollarCostAverage.getValidRangeOfRecurringBuys
FNDA:3,DollarCostAverage.getValidRangeOfRecurringBuys
DA:454,3
DA:456,1
DA:458,1
DA:462,1
DA:463,1
DA:464,5
DA:465,5
BRDA:465,13,0,4
BRDA:465,13,1,5
DA:467,4
DA:472,1
DA:475,1
DA:476,1
DA:477,1
DA:478,5
BRDA:478,14,0,-
BRDA:478,14,1,4
DA:479,4
DA:483,1
FN:487,DollarCostAverage.isRecurringBuyValid
FNDA:5,DollarCostAverage.isRecurringBuyValid
DA:490,11
DA:491,11
FN:501,DollarCostAverage.__validateRecurringBuy
FNDA:21,DollarCostAverage.__validateRecurringBuy
DA:504,21
FNF:21
FNH:21
LF:111
LH:111
BRF:30
BRH:28
end_of_record
TN:
SF:src/Duh.sol
FN:30,Duh.mint
FNDA:61,Duh.mint
DA:31,61
DA:32,61
DA:33,60
DA:35,59
FN:38,Duh.burn
FNDA:3,Duh.burn
DA:39,3
DA:40,3
DA:41,2
DA:43,1
FNF:2
FNH:2
LF:8
LH:8
BRF:0
BRH:0
end_of_record
TN:
SF:src/NodeSequencer.sol
FN:53,NodeSequencer.__onlyEOA
FNDA:39,NodeSequencer.__onlyEOA
DA:54,39
BRDA:54,0,0,2
BRDA:54,0,1,37
DA:55,2
FN:63,NodeSequencer.__checkNodeStatus
FNDA:52,NodeSequencer.__checkNodeStatus
DA:64,52
BRDA:64,1,0,4
BRDA:64,1,1,48
DA:65,4
FN:72,NodeSequencer.__checkDuhFunds
FNDA:13,NodeSequencer.__checkDuhFunds
DA:73,13
BRDA:73,2,0,2
BRDA:73,2,1,11
DA:74,2
FN:81,NodeSequencer.__checkNodeBlockNumberRange
FNDA:11,NodeSequencer.__checkNodeBlockNumberRange
DA:82,11
BRDA:82,3,0,2
BRDA:82,3,1,9
DA:83,2
FN:90,NodeSequencer.__validateTimePeriodForNode
FNDA:3,NodeSequencer.__validateTimePeriodForNode
DA:93,3
BRDA:93,4,0,1
BRDA:93,4,1,2
DA:94,1
FN:99,NodeSequencer.__isAcceptingNewNodes
FNDA:45,NodeSequencer.__isAcceptingNewNodes
DA:100,45
BRDA:100,5,0,2
BRDA:100,5,1,43
DA:101,2
FN:134,NodeSequencer.registerNode
FNDA:36,NodeSequencer.registerNode
DA:135,36
DA:136,36
DA:137,35
DA:138,34
DA:139,33
DA:141,32
DA:142,32
DA:143,32
BRDA:143,6,0,4
BRDA:143,6,1,25
DA:144,29
DA:145,29
DA:148,29
DA:153,29
DA:156,32
DA:162,32
BRDA:162,7,0,29
BRDA:162,7,1,32
DA:163,29
DA:166,32
FN:173,NodeSequencer.removeNode
FNDA:4,NodeSequencer.removeNode
DA:174,4
DA:175,4
DA:176,3
DA:178,2
DA:179,2
DA:181,2
DA:187,2
FN:203,NodeSequencer.takeBlockNumbers
FNDA:10,NodeSequencer.takeBlockNumbers
DA:206,10
DA:207,10
DA:208,10
DA:209,9
DA:210,8
DA:211,7
DA:212,6
DA:214,5
DA:216,5
BRDA:215,8,0,2
BRDA:215,8,1,3
DA:219,2
DA:222,3
DA:225,3
DA:230,3
BRDA:229,9,0,3
BRDA:229,9,1,3
DA:233,3
DA:236,3
DA:239,3
DA:245,3
DA:251,3
FN:255,NodeSequencer.takeNextBlockNumbers
FNDA:1,NodeSequencer.takeNextBlockNumbers
DA:256,1
FN:266,NodeSequencer.takeNextBlockNumbers
FNDA:6,NodeSequencer.takeNextBlockNumbers
DA:269,7
DA:270,7
DA:271,6
DA:272,5
DA:273,4
DA:275,3
DA:276,3
DA:279,3
DA:283,3
DA:285,3
DA:286,3
DA:288,3
DA:290,3
FN:302,NodeSequencer.setTimePeriodForNode
FNDA:5,NodeSequencer.setTimePeriodForNode
DA:305,5
DA:306,5
DA:307,4
DA:308,3
DA:310,2
DA:312,2
FN:319,NodeSequencer.setAutomationLayer
FNDA:5,NodeSequencer.setAutomationLayer
DA:322,5
DA:323,5
DA:324,4
DA:326,3
BRDA:326,10,0,1
BRDA:326,10,1,2
DA:327,1
DA:330,2
DA:332,2
FN:338,NodeSequencer.setAcceptingNewNodes
FNDA:6,NodeSequencer.setAcceptingNewNodes
DA:341,6
DA:342,6
DA:343,5
DA:345,4
DA:347,4
FN:359,NodeSequencer.__assignBlockNumbers
FNDA:34,NodeSequencer.__assignBlockNumbers
DA:364,34
DA:365,195874
FN:377,NodeSequencer.__assignOnlyNotTakenBlockNumbers
FNDA:3,NodeSequencer.__assignOnlyNotTakenBlockNumbers
DA:382,3
DA:383,3
DA:384,17283
BRDA:384,11,0,3
BRDA:384,11,1,17282
DA:385,17282
DA:386,17282
BRDA:386,12,0,3
BRDA:386,12,1,17282
DA:387,3
DA:392,3
FN:403,NodeSequencer.getTimePeriodForNode
FNDA:4,NodeSequencer.getTimePeriodForNode
DA:409,4
FN:413,NodeSequencer.getStartBlockNumber
FNDA:22,NodeSequencer.getStartBlockNumber
DA:419,22
FN:423,NodeSequencer.getAutomationLayer
FNDA:4,NodeSequencer.getAutomationLayer
DA:429,4
FN:433,NodeSequencer.getAcceptingNewNodes
FNDA:4,NodeSequencer.getAcceptingNewNodes
DA:439,4
FN:443,NodeSequencer.getBlockNumberToNode
FNDA:1,NodeSequencer.getBlockNumberToNode
DA:446,1
FN:450,NodeSequencer.getRangeOfBlockNumbersToNode
FNDA:1,NodeSequencer.getRangeOfBlockNumbersToNode
DA:455,1
BRDA:454,13,0,-
BRDA:454,13,1,1
DA:458,0
DA:460,1
DA:464,1
DA:465,5762
DA:468,1
FN:472,NodeSequencer.getNode
FNDA:21,NodeSequencer.getNode
DA:475,21
FN:479,NodeSequencer.getCurrentNode
FNDA:1,NodeSequencer.getCurrentNode
DA:485,1
FN:492,NodeSequencer.isCurrentNode
FNDA:7,NodeSequencer.isCurrentNode
DA:495,7
FN:506,NodeSequencer.__hasDuhFunds
FNDA:45,NodeSequencer.__hasDuhFunds
DA:507,45
DA:508,45
DA:510,45
FNF:26
FNH:26
LF:111
LH:110
BRF:28
BRH:27
end_of_record
TN:
SF:src/Security.sol
FN:65,Security.__nonReentrant
FNDA:495,Security.__nonReentrant
FN:68,Security.__whenNotPaused
FNDA:463,Security.__whenNotPaused
FN:71,Security.__onlyOwner
FNDA:0,Security.__onlyOwner
FN:74,Security.__onlyAllowed
FNDA:146,Security.__onlyAllowed
DA:75,146
BRDA:75,0,0,17
BRDA:75,0,1,129
DA:76,17
FN:101,Security.setAllowed
FNDA:5,Security.setAllowed
DA:102,5
DA:103,5
DA:104,4
DA:106,3
DA:108,3
FN:114,Security.pause
FNDA:30,Security.pause
DA:115,30
DA:116,30
DA:118,29
FN:124,Security.unpause
FNDA:2,Security.unpause
DA:125,2
DA:126,2
DA:128,1
FN:144,Security.__transferERC20
FNDA:50,Security.__transferERC20
DA:151,50
DA:160,50
BRDA:160,1,0,-
BRDA:160,1,1,1
DA:161,1
BRDA:161,2,0,-
BRDA:161,2,1,1
DA:162,0
DA:164,1
DA:168,49
FN:177,Security.__approveERC20
FNDA:19,Security.__approveERC20
DA:182,19
DA:186,19
BRDA:186,3,0,-
BRDA:186,3,1,19
DA:187,0
FN:199,Security.getAllowed
FNDA:8,Security.getAllowed
DA:200,8
FNF:10
FNH:9
LF:23
LH:21
BRF:8
BRH:5
end_of_record
TN:
SF:test/mocks/UniswapMock.sol
FN:13,UniswapMock.getAmountsOut
FNDA:19,UniswapMock.getAmountsOut
DA:17,19
DA:19,19
DA:21,19
FN:24,UniswapMock.swapExactTokensForTokens
FNDA:19,UniswapMock.swapExactTokensForTokens
DA:31,19
DA:32,19
DA:34,19
DA:35,19
DA:37,19
DA:38,19
DA:39,19
DA:41,19
FNF:2
FNH:2
LF:11
LH:11
BRF:0
BRH:0
end_of_record
